3

161
1
0
0
0
0
0
0
------
3

1
17
16
0
0
0
0
0
------
3

1
17
16
1
0
30
0
0
------
3

1
17
16
2
0
31
0
0
------
3

1
17
16
3
0
32
0
0
------
3

1
17
16
4
0
33
0
0
------
3

1
17
16
5
0
34
0
0
------
3

1
17
16
6
0
35
0
0
------
3

1
17
16
7
0
36
0
0
------
3

1
17
16
8
0
37
0
0
------
3

1
17
16
9
0
38
0
0
------
3

1
17
16
10
0
30
0
0
------
3

1
17
16
11
0
31
0
0
------
3

1
17
16
12
0
32
0
0
------
3

1
17
16
13
0
33
0
0
------
3

1
17
16
14
0
34
0
0
------
3

1
17
16
15
0
35
0
0
------
3

1
17
16
16
0
36
0
0
------
3

170
170
0
0
0
0
0
0
------
0

0
0
0
0
0
0
0
0
------
2

0
0
0
0
0
0
0
0
------
0

0
0
0
0
0
0
0
0
------
2

0
0
0
0
0
0
0
0
------
0

0
0
0
0
0
0
0
0
------
2

0
0
0
0
0
0
0
0
------
0

0
0
0
0
0
0
0
0
------
2

0
0
0
0
0
0
0
0
------
0

0
0
0
0
0
0
0
0
------
2

0
0
0
0
0
0
0
0
------
